<?xml version="1.0" encoding="UTF-8" ?>
<testsuite tests="6" failures="2" name="exercise.cucumber.RunCukesTest" time="0.719" errors="0" skipped="1">
  <properties>
[...]
</properties>
  <testcase classname="Scenario: User uploads files correctly" name="Given the user uploads files" time="0.008"/>
  <testcase classname="Scenario: User uploads files correctly" name="Then the user can see the file &quot;output.xml&quot;" time="0"/>
  <testcase classname="Scenario: User uploads files correctly" name="Scenario: User uploads files correctly" time="0.001"/>
  <testcase classname="Scenario: User uploads a file with incorrect data" name="Given the user uploads an invalid file" time="0.001">
    <failure message="The value of &apos;invalid&apos; may have been entered in the incorrect format." type="java.lang.AssertionError">java.lang.AssertionError: The value of &apos;invalid&apos; may have been entered in the incorrect format.
	at org.hamcrest.MatcherAssert.assertThat(MatcherAssert.java:26)
	at exercise.pages.Transaction.validateAmount(Transaction.java:47)
	at exercise.pages.Transaction.&lt;init&gt;(Transaction.java:39)
	at exercise.pages.ETLPage.cvsParser(ETLPage.java:141)
	at exercise.pages.ETLPage.parseFile(ETLPage.java:82)
	at exercise.pages.ETLPage.upload(ETLPage.java:31)
	at exercise.stepdefinitions.ETLStepDef.the_user_is_uploads_an_invalid_file(ETLStepDef.java:21)
	at ✽.Given the user uploads an invalid file(etl_invalid_amount.feature:7)
</failure>
  </testcase>
  <testcase classname="Scenario: User uploads a file with incorrect data" name="Scenario: User uploads a file with incorrect data" time="0.002">
    <failure message="The value of &apos;invalid&apos; may have been entered in the incorrect format." type="java.lang.AssertionError">java.lang.AssertionError: The value of &apos;invalid&apos; may have been entered in the incorrect format.
	at org.hamcrest.MatcherAssert.assertThat(MatcherAssert.java:26)
	at exercise.pages.Transaction.validateAmount(Transaction.java:47)
	at exercise.pages.Transaction.&lt;init&gt;(Transaction.java:39)
	at exercise.pages.ETLPage.cvsParser(ETLPage.java:141)
	at exercise.pages.ETLPage.parseFile(ETLPage.java:82)
	at exercise.pages.ETLPage.upload(ETLPage.java:31)
	at exercise.stepdefinitions.ETLStepDef.the_user_is_uploads_an_invalid_file(ETLStepDef.java:21)
	at ✽.Given the user uploads an invalid file(etl_invalid_amount.feature:7)
</failure>
  </testcase>
  <testcase classname="Scenario: User uploads a file with incorrect data" name="Then no output &quot;output.xml&quot; file is produced" time="0.003">
    <skipped/>
  </testcase>
</testsuite>